mode: set
github.com/sst/opencode/internal/components/vim/factory.go:26.42,28.2 1 0
github.com/sst/opencode/internal/components/vim/factory.go:30.46,32.2 1 0
github.com/sst/opencode/internal/components/vim/factory.go:34.43,36.2 1 0
github.com/sst/opencode/internal/components/vim/factory.go:38.34,40.2 1 0
github.com/sst/opencode/internal/components/vim/factory.go:42.50,45.32 3 0
github.com/sst/opencode/internal/components/vim/factory.go:45.32,47.3 1 0
github.com/sst/opencode/internal/components/vim/factory.go:48.2,48.15 1 0
github.com/sst/opencode/internal/components/vim/factory.go:51.49,54.2 0 0
github.com/sst/opencode/internal/components/vim/factory.go:56.62,58.2 1 0
github.com/sst/opencode/internal/components/vim/factory.go:60.68,66.2 4 0
github.com/sst/opencode/internal/components/vim/factory.go:68.42,70.2 1 0
github.com/sst/opencode/internal/components/vim/factory.go:72.41,74.2 1 0
github.com/sst/opencode/internal/components/vim/factory.go:86.56,115.2 10 0
github.com/sst/opencode/internal/components/vim/factory.go:118.55,119.14 1 0
github.com/sst/opencode/internal/components/vim/factory.go:119.14,121.3 1 0
github.com/sst/opencode/internal/components/vim/factory.go:122.2,122.25 1 0
github.com/sst/opencode/internal/components/vim/factory.go:126.55,127.14 1 0
github.com/sst/opencode/internal/components/vim/factory.go:127.14,130.3 2 0
github.com/sst/opencode/internal/components/vim/factory.go:131.2,132.12 2 0
github.com/sst/opencode/internal/components/vim/factory.go:136.43,137.14 1 0
github.com/sst/opencode/internal/components/vim/factory.go:137.14,146.3 6 0
github.com/sst/opencode/internal/components/vim/factory.go:146.8,155.3 5 0
github.com/sst/opencode/internal/components/vim/factory.go:168.44,170.2 1 0
github.com/sst/opencode/internal/components/vim/factory.go:173.53,174.14 1 0
github.com/sst/opencode/internal/components/vim/factory.go:174.14,176.3 1 0
github.com/sst/opencode/internal/components/vim/factory.go:177.2,177.11 1 0
github.com/sst/opencode/internal/components/vim/factory.go:181.53,182.38 1 0
github.com/sst/opencode/internal/components/vim/factory.go:182.38,184.3 1 0
github.com/sst/opencode/internal/components/vim/factory.go:185.2,185.11 1 0
github.com/sst/opencode/internal/components/vim/factory.go:189.88,193.2 3 0
github.com/sst/opencode/internal/components/vim/mode.go:20.34,21.11 1 1
github.com/sst/opencode/internal/components/vim/mode.go:22.18,23.18 1 1
github.com/sst/opencode/internal/components/vim/mode.go:24.18,25.18 1 1
github.com/sst/opencode/internal/components/vim/mode.go:26.18,27.18 1 1
github.com/sst/opencode/internal/components/vim/mode.go:28.22,29.18 1 1
github.com/sst/opencode/internal/components/vim/mode.go:30.19,31.19 1 1
github.com/sst/opencode/internal/components/vim/mode.go:32.10,33.19 1 1
github.com/sst/opencode/internal/components/vim/mode.go:38.41,40.2 1 1
github.com/sst/opencode/internal/components/vim/mode.go:104.42,117.2 1 1
github.com/sst/opencode/internal/components/vim/mode.go:120.58,132.2 1 1
github.com/sst/opencode/internal/components/vim/mode.go:135.35,138.2 2 1
github.com/sst/opencode/internal/components/vim/mode.go:141.36,145.2 2 1
github.com/sst/opencode/internal/components/vim/mode.go:148.43,150.2 1 1
github.com/sst/opencode/internal/components/vim/mode.go:153.48,155.2 1 1
github.com/sst/opencode/internal/components/vim/mode.go:158.48,159.27 1 1
github.com/sst/opencode/internal/components/vim/mode.go:159.27,165.3 4 1
github.com/sst/opencode/internal/components/vim/mode.go:169.51,171.2 1 1
github.com/sst/opencode/internal/components/vim/mode.go:174.56,176.2 1 1
github.com/sst/opencode/internal/components/vim/mode.go:179.49,182.2 2 1
github.com/sst/opencode/internal/components/vim/mode.go:185.52,187.42 1 1
github.com/sst/opencode/internal/components/vim/mode.go:187.42,189.3 1 1
github.com/sst/opencode/internal/components/vim/mode.go:190.2,190.25 1 1
github.com/sst/opencode/internal/components/vim/mode.go:194.41,195.26 1 1
github.com/sst/opencode/internal/components/vim/mode.go:195.26,197.3 1 1
github.com/sst/opencode/internal/components/vim/mode.go:198.2,199.68 2 1
github.com/sst/opencode/internal/components/vim/mode.go:199.68,201.3 1 0
github.com/sst/opencode/internal/components/vim/mode.go:202.2,202.14 1 1
github.com/sst/opencode/internal/components/vim/mode.go:206.39,208.2 1 1
github.com/sst/opencode/internal/components/vim/mode.go:211.55,213.2 1 1
github.com/sst/opencode/internal/components/vim/mode.go:216.53,218.2 1 1
github.com/sst/opencode/internal/components/vim/mode.go:221.53,224.82 1 1
github.com/sst/opencode/internal/components/vim/mode.go:224.82,226.3 1 1
github.com/sst/opencode/internal/components/vim/mode.go:227.2,227.58 1 1
github.com/sst/opencode/internal/components/vim/mode.go:231.56,233.2 1 1
github.com/sst/opencode/internal/components/vim/mode.go:236.50,238.2 1 1
github.com/sst/opencode/internal/components/vim/mode.go:241.67,243.2 1 1
github.com/sst/opencode/internal/components/vim/mode.go:246.94,247.16 1 1
github.com/sst/opencode/internal/components/vim/mode.go:247.16,249.3 1 1
github.com/sst/opencode/internal/components/vim/mode.go:250.2,256.18 2 1
github.com/sst/opencode/internal/components/vim/mode.go:256.18,261.3 1 1
github.com/sst/opencode/internal/components/vim/mode.go:265.58,266.16 1 1
github.com/sst/opencode/internal/components/vim/mode.go:266.16,268.3 1 1
github.com/sst/opencode/internal/components/vim/mode.go:269.2,269.52 1 1
github.com/sst/opencode/internal/components/vim/mode.go:269.52,271.3 1 1
github.com/sst/opencode/internal/components/vim/mode.go:272.2,272.11 1 0
github.com/sst/opencode/internal/components/vim/mode.go:276.73,277.16 1 1
github.com/sst/opencode/internal/components/vim/mode.go:277.16,279.3 1 0
github.com/sst/opencode/internal/components/vim/mode.go:280.2,280.26 1 1
github.com/sst/opencode/internal/components/vim/mode.go:284.73,287.2 2 1
github.com/sst/opencode/internal/components/vim/mode.go:290.60,292.2 1 1
github.com/sst/opencode/internal/components/vim/mode.go:295.51,297.2 1 1
github.com/sst/opencode/internal/components/vim/mode.go:300.48,302.2 1 1
github.com/sst/opencode/internal/components/vim/mode.go:305.55,307.2 1 1
github.com/sst/opencode/internal/components/vim/mode.go:310.48,312.2 1 1
github.com/sst/opencode/internal/components/vim/mode.go:315.78,316.29 1 1
github.com/sst/opencode/internal/components/vim/mode.go:316.29,318.3 1 0
github.com/sst/opencode/internal/components/vim/mode.go:319.2,319.33 1 1
github.com/sst/opencode/internal/components/vim/mode.go:323.77,326.2 2 1
github.com/sst/opencode/internal/components/vim/mode.go:329.49,330.16 1 1
github.com/sst/opencode/internal/components/vim/mode.go:330.16,332.3 1 1
github.com/sst/opencode/internal/components/vim/mode.go:334.2,337.20 2 1
github.com/sst/opencode/internal/components/vim/mode.go:337.20,339.3 1 1
github.com/sst/opencode/internal/components/vim/mode.go:342.2,342.99 1 1
github.com/sst/opencode/internal/components/vim/mode.go:342.99,344.3 1 1
github.com/sst/opencode/internal/components/vim/mode.go:347.2,347.68 1 1
github.com/sst/opencode/internal/components/vim/mode.go:347.68,350.75 2 1
github.com/sst/opencode/internal/components/vim/mode.go:350.75,352.4 1 0
github.com/sst/opencode/internal/components/vim/mode.go:354.3,354.38 1 1
github.com/sst/opencode/internal/components/vim/mode.go:354.38,356.18 2 1
github.com/sst/opencode/internal/components/vim/mode.go:356.18,358.5 1 0
github.com/sst/opencode/internal/components/vim/mode.go:358.10,360.5 1 1
github.com/sst/opencode/internal/components/vim/mode.go:361.9,362.28 1 1
github.com/sst/opencode/internal/components/vim/mode.go:362.28,364.19 2 1
github.com/sst/opencode/internal/components/vim/mode.go:364.19,366.6 1 0
github.com/sst/opencode/internal/components/vim/mode.go:366.11,368.6 1 1
github.com/sst/opencode/internal/components/vim/mode.go:369.10,371.5 1 0
github.com/sst/opencode/internal/components/vim/mode.go:373.3,373.34 1 1
github.com/sst/opencode/internal/components/vim/mode.go:377.2,377.53 1 1
github.com/sst/opencode/internal/components/vim/mode.go:377.53,380.3 2 1
github.com/sst/opencode/internal/components/vim/mode.go:382.2,382.33 1 1
github.com/sst/opencode/internal/components/vim/motion.go:63.38,65.2 1 1
github.com/sst/opencode/internal/components/vim/motion.go:68.89,70.2 1 1
github.com/sst/opencode/internal/components/vim/motion.go:73.95,80.45 3 1
github.com/sst/opencode/internal/components/vim/motion.go:80.45,82.3 1 0
github.com/sst/opencode/internal/components/vim/motion.go:84.2,84.21 1 1
github.com/sst/opencode/internal/components/vim/motion.go:85.18,86.49 1 1
github.com/sst/opencode/internal/components/vim/motion.go:87.19,88.48 1 1
github.com/sst/opencode/internal/components/vim/motion.go:89.16,90.49 1 1
github.com/sst/opencode/internal/components/vim/motion.go:91.18,92.48 1 1
github.com/sst/opencode/internal/components/vim/motion.go:93.18,94.65 1 0
github.com/sst/opencode/internal/components/vim/motion.go:95.18,96.54 1 1
github.com/sst/opencode/internal/components/vim/motion.go:97.22,98.55 1 1
github.com/sst/opencode/internal/components/vim/motion.go:99.21,100.50 1 1
github.com/sst/opencode/internal/components/vim/motion.go:101.18,102.65 1 0
github.com/sst/opencode/internal/components/vim/motion.go:103.23,104.45 1 1
github.com/sst/opencode/internal/components/vim/motion.go:105.21,106.43 1 1
github.com/sst/opencode/internal/components/vim/motion.go:107.23,108.36 1 1
github.com/sst/opencode/internal/components/vim/motion.go:109.21,111.19 2 1
github.com/sst/opencode/internal/components/vim/motion.go:111.19,113.4 1 1
github.com/sst/opencode/internal/components/vim/motion.go:114.22,115.70 1 1
github.com/sst/opencode/internal/components/vim/motion.go:116.26,117.71 1 1
github.com/sst/opencode/internal/components/vim/motion.go:118.22,119.71 1 1
github.com/sst/opencode/internal/components/vim/motion.go:120.26,121.72 1 1
github.com/sst/opencode/internal/components/vim/motion.go:124.2,124.40 1 1
github.com/sst/opencode/internal/components/vim/motion.go:128.86,129.22 1 1
github.com/sst/opencode/internal/components/vim/motion.go:129.22,131.3 1 1
github.com/sst/opencode/internal/components/vim/motion.go:133.2,135.15 2 1
github.com/sst/opencode/internal/components/vim/motion.go:135.15,137.30 1 1
github.com/sst/opencode/internal/components/vim/motion.go:137.30,138.32 1 1
github.com/sst/opencode/internal/components/vim/motion.go:138.32,140.5 1 1
github.com/sst/opencode/internal/components/vim/motion.go:140.10,140.34 1 1
github.com/sst/opencode/internal/components/vim/motion.go:140.34,143.5 2 0
github.com/sst/opencode/internal/components/vim/motion.go:145.8,148.30 2 1
github.com/sst/opencode/internal/components/vim/motion.go:148.30,149.15 1 1
github.com/sst/opencode/internal/components/vim/motion.go:149.15,151.5 1 1
github.com/sst/opencode/internal/components/vim/motion.go:151.10,151.22 1 1
github.com/sst/opencode/internal/components/vim/motion.go:151.22,154.16 3 0
github.com/sst/opencode/internal/components/vim/motion.go:154.16,156.6 1 0
github.com/sst/opencode/internal/components/vim/motion.go:161.2,161.37 1 1
github.com/sst/opencode/internal/components/vim/motion.go:165.86,169.13 2 1
github.com/sst/opencode/internal/components/vim/motion.go:169.13,171.3 1 0
github.com/sst/opencode/internal/components/vim/motion.go:171.8,171.31 1 1
github.com/sst/opencode/internal/components/vim/motion.go:171.31,173.3 1 0
github.com/sst/opencode/internal/components/vim/motion.go:176.2,177.35 2 1
github.com/sst/opencode/internal/components/vim/motion.go:177.35,180.30 1 1
github.com/sst/opencode/internal/components/vim/motion.go:180.30,183.15 2 0
github.com/sst/opencode/internal/components/vim/motion.go:183.15,185.5 1 0
github.com/sst/opencode/internal/components/vim/motion.go:189.2,189.37 1 1
github.com/sst/opencode/internal/components/vim/motion.go:193.79,194.28 1 1
github.com/sst/opencode/internal/components/vim/motion.go:194.28,196.3 1 0
github.com/sst/opencode/internal/components/vim/motion.go:198.2,199.28 2 1
github.com/sst/opencode/internal/components/vim/motion.go:199.28,200.54 1 1
github.com/sst/opencode/internal/components/vim/motion.go:200.54,202.4 1 1
github.com/sst/opencode/internal/components/vim/motion.go:206.2,206.39 1 0
github.com/sst/opencode/internal/components/vim/motion.go:210.77,211.28 1 1
github.com/sst/opencode/internal/components/vim/motion.go:211.28,213.3 1 0
github.com/sst/opencode/internal/components/vim/motion.go:215.2,216.13 2 1
github.com/sst/opencode/internal/components/vim/motion.go:216.13,218.3 1 1
github.com/sst/opencode/internal/components/vim/motion.go:220.2,220.41 1 1
github.com/sst/opencode/internal/components/vim/motion.go:224.100,225.22 1 1
github.com/sst/opencode/internal/components/vim/motion.go:225.22,227.3 1 0
github.com/sst/opencode/internal/components/vim/motion.go:229.2,231.29 2 1
github.com/sst/opencode/internal/components/vim/motion.go:231.29,232.14 1 1
github.com/sst/opencode/internal/components/vim/motion.go:232.14,234.86 1 1
github.com/sst/opencode/internal/components/vim/motion.go:234.86,236.32 2 1
github.com/sst/opencode/internal/components/vim/motion.go:236.32,237.29 1 0
github.com/sst/opencode/internal/components/vim/motion.go:237.29,240.7 2 0
github.com/sst/opencode/internal/components/vim/motion.go:240.12,242.7 1 0
github.com/sst/opencode/internal/components/vim/motion.go:247.4,247.87 1 1
github.com/sst/opencode/internal/components/vim/motion.go:247.87,249.32 2 1
github.com/sst/opencode/internal/components/vim/motion.go:249.32,250.29 1 0
github.com/sst/opencode/internal/components/vim/motion.go:250.29,253.7 2 0
github.com/sst/opencode/internal/components/vim/motion.go:253.12,255.7 1 0
github.com/sst/opencode/internal/components/vim/motion.go:258.9,267.23 2 1
github.com/sst/opencode/internal/components/vim/motion.go:267.23,269.53 1 1
github.com/sst/opencode/internal/components/vim/motion.go:269.53,271.6 1 1
github.com/sst/opencode/internal/components/vim/motion.go:273.5,273.27 1 1
github.com/sst/opencode/internal/components/vim/motion.go:273.27,275.17 1 1
github.com/sst/opencode/internal/components/vim/motion.go:275.17,277.7 1 1
github.com/sst/opencode/internal/components/vim/motion.go:277.12,277.24 1 0
github.com/sst/opencode/internal/components/vim/motion.go:277.24,280.7 2 0
github.com/sst/opencode/internal/components/vim/motion.go:281.11,283.14 1 0
github.com/sst/opencode/internal/components/vim/motion.go:285.10,287.16 1 0
github.com/sst/opencode/internal/components/vim/motion.go:287.16,289.6 1 0
github.com/sst/opencode/internal/components/vim/motion.go:289.11,289.23 1 0
github.com/sst/opencode/internal/components/vim/motion.go:289.23,292.6 2 0
github.com/sst/opencode/internal/components/vim/motion.go:292.11,294.6 1 0
github.com/sst/opencode/internal/components/vim/motion.go:298.4,298.90 1 1
github.com/sst/opencode/internal/components/vim/motion.go:298.90,299.16 1 1
github.com/sst/opencode/internal/components/vim/motion.go:299.16,301.6 1 1
github.com/sst/opencode/internal/components/vim/motion.go:301.11,301.23 1 0
github.com/sst/opencode/internal/components/vim/motion.go:301.23,304.6 2 0
github.com/sst/opencode/internal/components/vim/motion.go:304.11,306.6 1 0
github.com/sst/opencode/internal/components/vim/motion.go:310.4,310.98 1 1
github.com/sst/opencode/internal/components/vim/motion.go:310.98,312.5 1 1
github.com/sst/opencode/internal/components/vim/motion.go:316.2,316.37 1 1
github.com/sst/opencode/internal/components/vim/motion.go:320.88,321.22 1 1
github.com/sst/opencode/internal/components/vim/motion.go:321.22,323.3 1 0
github.com/sst/opencode/internal/components/vim/motion.go:325.2,327.29 2 1
github.com/sst/opencode/internal/components/vim/motion.go:327.29,329.31 1 1
github.com/sst/opencode/internal/components/vim/motion.go:329.31,331.4 1 1
github.com/sst/opencode/internal/components/vim/motion.go:331.9,331.33 1 0
github.com/sst/opencode/internal/components/vim/motion.go:331.33,334.4 2 0
github.com/sst/opencode/internal/components/vim/motion.go:337.3,337.86 1 1
github.com/sst/opencode/internal/components/vim/motion.go:337.86,339.31 2 0
github.com/sst/opencode/internal/components/vim/motion.go:339.31,340.28 1 0
github.com/sst/opencode/internal/components/vim/motion.go:340.28,343.6 2 0
github.com/sst/opencode/internal/components/vim/motion.go:343.11,345.6 1 0
github.com/sst/opencode/internal/components/vim/motion.go:350.3,350.89 1 1
github.com/sst/opencode/internal/components/vim/motion.go:350.89,352.4 1 1
github.com/sst/opencode/internal/components/vim/motion.go:355.2,355.37 1 1
github.com/sst/opencode/internal/components/vim/motion.go:359.50,361.9 2 1
github.com/sst/opencode/internal/components/vim/motion.go:361.9,364.3 1 0
github.com/sst/opencode/internal/components/vim/motion.go:365.2,365.62 1 1
github.com/sst/opencode/internal/components/vim/motion.go:369.77,370.22 1 1
github.com/sst/opencode/internal/components/vim/motion.go:370.22,372.3 1 1
github.com/sst/opencode/internal/components/vim/motion.go:375.2,375.17 1 1
github.com/sst/opencode/internal/components/vim/motion.go:375.17,377.3 1 0
github.com/sst/opencode/internal/components/vim/motion.go:377.8,377.35 1 1
github.com/sst/opencode/internal/components/vim/motion.go:377.35,379.3 1 0
github.com/sst/opencode/internal/components/vim/motion.go:382.2,382.43 1 1
github.com/sst/opencode/internal/components/vim/motion.go:382.43,383.18 1 1
github.com/sst/opencode/internal/components/vim/motion.go:383.18,385.4 1 0
github.com/sst/opencode/internal/components/vim/motion.go:385.9,385.44 1 1
github.com/sst/opencode/internal/components/vim/motion.go:385.44,388.19 2 0
github.com/sst/opencode/internal/components/vim/motion.go:388.19,390.5 1 0
github.com/sst/opencode/internal/components/vim/motion.go:394.2,394.12 1 1
github.com/sst/opencode/internal/components/vim/motion.go:398.97,399.16 1 0
github.com/sst/opencode/internal/components/vim/motion.go:400.12,401.40 1 0
github.com/sst/opencode/internal/components/vim/motion.go:402.12,403.41 1 0
github.com/sst/opencode/internal/components/vim/motion.go:404.19,406.21 2 0
github.com/sst/opencode/internal/components/vim/motion.go:406.21,408.4 1 0
github.com/sst/opencode/internal/components/vim/motion.go:409.3,409.49 1 0
github.com/sst/opencode/internal/components/vim/motion.go:410.19,412.21 2 0
github.com/sst/opencode/internal/components/vim/motion.go:412.21,414.4 1 0
github.com/sst/opencode/internal/components/vim/motion.go:415.3,415.50 1 0
github.com/sst/opencode/internal/components/vim/motion.go:416.18,417.51 1 0
github.com/sst/opencode/internal/components/vim/motion.go:418.18,419.52 1 0
github.com/sst/opencode/internal/components/vim/motion.go:420.18,421.51 1 0
github.com/sst/opencode/internal/components/vim/motion.go:422.18,423.52 1 0
github.com/sst/opencode/internal/components/vim/motion.go:424.18,425.51 1 0
github.com/sst/opencode/internal/components/vim/motion.go:426.18,427.52 1 0
github.com/sst/opencode/internal/components/vim/motion.go:430.2,430.12 1 0
github.com/sst/opencode/internal/components/vim/motion.go:434.81,435.63 1 0
github.com/sst/opencode/internal/components/vim/motion.go:435.63,437.3 1 0
github.com/sst/opencode/internal/components/vim/motion.go:439.2,443.64 3 0
github.com/sst/opencode/internal/components/vim/motion.go:443.64,445.3 1 0
github.com/sst/opencode/internal/components/vim/motion.go:448.2,449.47 2 0
github.com/sst/opencode/internal/components/vim/motion.go:449.47,451.3 1 0
github.com/sst/opencode/internal/components/vim/motion.go:453.2,454.53 2 0
github.com/sst/opencode/internal/components/vim/motion.go:454.53,456.3 1 0
github.com/sst/opencode/internal/components/vim/motion.go:458.2,461.3 1 0
github.com/sst/opencode/internal/components/vim/motion.go:465.82,467.23 2 0
github.com/sst/opencode/internal/components/vim/motion.go:467.23,469.3 1 0
github.com/sst/opencode/internal/components/vim/motion.go:471.2,476.55 4 0
github.com/sst/opencode/internal/components/vim/motion.go:476.55,478.3 1 0
github.com/sst/opencode/internal/components/vim/motion.go:480.2,483.3 1 0
github.com/sst/opencode/internal/components/vim/motion.go:487.117,488.20 1 1
github.com/sst/opencode/internal/components/vim/motion.go:489.23,492.50 2 1
github.com/sst/opencode/internal/components/vim/motion.go:492.50,494.4 1 0
github.com/sst/opencode/internal/components/vim/motion.go:497.3,498.55 2 1
github.com/sst/opencode/internal/components/vim/motion.go:498.55,500.4 1 1
github.com/sst/opencode/internal/components/vim/motion.go:503.3,504.68 2 1
github.com/sst/opencode/internal/components/vim/motion.go:504.68,506.4 1 1
github.com/sst/opencode/internal/components/vim/motion.go:508.3,508.70 1 1
github.com/sst/opencode/internal/components/vim/motion.go:510.24,514.96 2 1
github.com/sst/opencode/internal/components/vim/motion.go:514.96,516.4 1 1
github.com/sst/opencode/internal/components/vim/motion.go:517.3,517.26 1 1
github.com/sst/opencode/internal/components/vim/motion.go:519.25,522.25 2 1
github.com/sst/opencode/internal/components/vim/motion.go:522.25,524.4 1 0
github.com/sst/opencode/internal/components/vim/motion.go:527.3,529.41 3 1
github.com/sst/opencode/internal/components/vim/motion.go:529.41,530.54 1 1
github.com/sst/opencode/internal/components/vim/motion.go:530.54,531.25 1 1
github.com/sst/opencode/internal/components/vim/motion.go:531.25,533.6 1 1
github.com/sst/opencode/internal/components/vim/motion.go:533.11,533.27 1 1
github.com/sst/opencode/internal/components/vim/motion.go:533.27,535.11 2 1
github.com/sst/opencode/internal/components/vim/motion.go:540.3,540.47 1 1
github.com/sst/opencode/internal/components/vim/motion.go:540.47,542.4 1 1
github.com/sst/opencode/internal/components/vim/motion.go:543.3,543.18 1 0
github.com/sst/opencode/internal/components/vim/motion.go:545.26,548.25 2 1
github.com/sst/opencode/internal/components/vim/motion.go:548.25,550.4 1 0
github.com/sst/opencode/internal/components/vim/motion.go:552.3,554.41 3 1
github.com/sst/opencode/internal/components/vim/motion.go:554.41,555.54 1 1
github.com/sst/opencode/internal/components/vim/motion.go:555.54,556.25 1 1
github.com/sst/opencode/internal/components/vim/motion.go:556.25,558.6 1 1
github.com/sst/opencode/internal/components/vim/motion.go:558.11,558.27 1 1
github.com/sst/opencode/internal/components/vim/motion.go:558.27,560.11 2 1
github.com/sst/opencode/internal/components/vim/motion.go:565.3,565.47 1 1
github.com/sst/opencode/internal/components/vim/motion.go:565.47,567.4 1 1
github.com/sst/opencode/internal/components/vim/motion.go:568.3,568.18 1 0
github.com/sst/opencode/internal/components/vim/motion.go:570.25,573.25 2 1
github.com/sst/opencode/internal/components/vim/motion.go:573.25,575.4 1 0
github.com/sst/opencode/internal/components/vim/motion.go:577.3,579.41 3 1
github.com/sst/opencode/internal/components/vim/motion.go:579.41,580.42 1 1
github.com/sst/opencode/internal/components/vim/motion.go:580.42,581.37 1 1
github.com/sst/opencode/internal/components/vim/motion.go:581.37,583.6 1 1
github.com/sst/opencode/internal/components/vim/motion.go:583.11,583.43 1 1
github.com/sst/opencode/internal/components/vim/motion.go:583.43,585.11 2 1
github.com/sst/opencode/internal/components/vim/motion.go:590.3,590.47 1 1
github.com/sst/opencode/internal/components/vim/motion.go:590.47,592.4 1 1
github.com/sst/opencode/internal/components/vim/motion.go:593.3,593.18 1 0
github.com/sst/opencode/internal/components/vim/motion.go:595.26,598.25 2 1
github.com/sst/opencode/internal/components/vim/motion.go:598.25,600.4 1 0
github.com/sst/opencode/internal/components/vim/motion.go:602.3,604.41 3 1
github.com/sst/opencode/internal/components/vim/motion.go:604.41,605.42 1 1
github.com/sst/opencode/internal/components/vim/motion.go:605.42,606.37 1 1
github.com/sst/opencode/internal/components/vim/motion.go:606.37,608.6 1 1
github.com/sst/opencode/internal/components/vim/motion.go:608.11,608.43 1 1
github.com/sst/opencode/internal/components/vim/motion.go:608.43,610.11 2 1
github.com/sst/opencode/internal/components/vim/motion.go:615.3,615.47 1 1
github.com/sst/opencode/internal/components/vim/motion.go:615.47,617.4 1 1
github.com/sst/opencode/internal/components/vim/motion.go:618.3,618.18 1 0
github.com/sst/opencode/internal/components/vim/motion.go:620.10,621.18 1 0
github.com/sst/opencode/internal/components/vim/motion.go:626.95,627.31 1 0
github.com/sst/opencode/internal/components/vim/motion.go:627.31,629.3 1 0
github.com/sst/opencode/internal/components/vim/motion.go:631.2,638.17 6 0
github.com/sst/opencode/internal/components/vim/motion.go:638.17,639.52 1 0
github.com/sst/opencode/internal/components/vim/motion.go:639.52,642.9 3 0
github.com/sst/opencode/internal/components/vim/motion.go:644.3,644.10 1 0
github.com/sst/opencode/internal/components/vim/motion.go:647.2,647.17 1 0
github.com/sst/opencode/internal/components/vim/motion.go:647.17,649.3 1 0
github.com/sst/opencode/internal/components/vim/motion.go:652.2,653.17 2 0
github.com/sst/opencode/internal/components/vim/motion.go:653.17,655.3 1 0
github.com/sst/opencode/internal/components/vim/motion.go:656.2,656.22 1 0
github.com/sst/opencode/internal/components/vim/motion.go:656.22,657.50 1 0
github.com/sst/opencode/internal/components/vim/motion.go:657.50,659.9 2 0
github.com/sst/opencode/internal/components/vim/motion.go:661.3,661.8 1 0
github.com/sst/opencode/internal/components/vim/motion.go:664.2,664.22 1 0
github.com/sst/opencode/internal/components/vim/motion.go:664.22,666.3 1 0
github.com/sst/opencode/internal/components/vim/motion.go:668.2,671.3 1 0
github.com/sst/opencode/internal/components/vim/motion.go:675.96,677.23 2 0
github.com/sst/opencode/internal/components/vim/motion.go:677.23,679.3 1 0
github.com/sst/opencode/internal/components/vim/motion.go:681.2,684.3 1 0
github.com/sst/opencode/internal/components/vim/motion.go:688.100,691.31 1 0
github.com/sst/opencode/internal/components/vim/motion.go:691.31,693.3 1 0
github.com/sst/opencode/internal/components/vim/motion.go:695.2,702.17 6 0
github.com/sst/opencode/internal/components/vim/motion.go:702.17,703.38 1 0
github.com/sst/opencode/internal/components/vim/motion.go:703.38,704.18 1 0
github.com/sst/opencode/internal/components/vim/motion.go:704.18,706.5 1 0
github.com/sst/opencode/internal/components/vim/motion.go:706.10,706.24 1 0
github.com/sst/opencode/internal/components/vim/motion.go:706.24,707.19 1 0
github.com/sst/opencode/internal/components/vim/motion.go:707.19,709.11 2 0
github.com/sst/opencode/internal/components/vim/motion.go:711.5,711.12 1 0
github.com/sst/opencode/internal/components/vim/motion.go:714.3,714.10 1 0
github.com/sst/opencode/internal/components/vim/motion.go:717.2,717.15 1 0
github.com/sst/opencode/internal/components/vim/motion.go:717.15,719.3 1 0
github.com/sst/opencode/internal/components/vim/motion.go:722.2,724.22 3 0
github.com/sst/opencode/internal/components/vim/motion.go:724.22,725.36 1 0
github.com/sst/opencode/internal/components/vim/motion.go:725.36,726.17 1 0
github.com/sst/opencode/internal/components/vim/motion.go:726.17,728.5 1 0
github.com/sst/opencode/internal/components/vim/motion.go:728.10,728.25 1 0
github.com/sst/opencode/internal/components/vim/motion.go:728.25,729.19 1 0
github.com/sst/opencode/internal/components/vim/motion.go:729.19,731.11 2 0
github.com/sst/opencode/internal/components/vim/motion.go:733.5,733.12 1 0
github.com/sst/opencode/internal/components/vim/motion.go:736.3,736.8 1 0
github.com/sst/opencode/internal/components/vim/motion.go:739.2,739.22 1 0
github.com/sst/opencode/internal/components/vim/motion.go:739.22,741.3 1 0
github.com/sst/opencode/internal/components/vim/motion.go:743.2,746.3 1 0
github.com/sst/opencode/internal/components/vim/motion.go:750.101,752.23 2 0
github.com/sst/opencode/internal/components/vim/motion.go:752.23,754.3 1 0
github.com/sst/opencode/internal/components/vim/motion.go:756.2,759.3 1 0
github.com/sst/opencode/internal/components/vim/motion.go:763.52,766.2 2 0
github.com/sst/opencode/internal/components/vim/motion.go:769.126,770.28 1 1
github.com/sst/opencode/internal/components/vim/motion.go:770.28,772.3 1 0
github.com/sst/opencode/internal/components/vim/motion.go:774.2,778.13 4 1
github.com/sst/opencode/internal/components/vim/motion.go:778.13,780.40 1 1
github.com/sst/opencode/internal/components/vim/motion.go:780.40,781.50 1 1
github.com/sst/opencode/internal/components/vim/motion.go:781.50,783.23 2 1
github.com/sst/opencode/internal/components/vim/motion.go:783.23,784.19 1 1
github.com/sst/opencode/internal/components/vim/motion.go:784.19,786.7 1 1
github.com/sst/opencode/internal/components/vim/motion.go:786.12,789.7 1 1
github.com/sst/opencode/internal/components/vim/motion.go:793.8,795.33 1 1
github.com/sst/opencode/internal/components/vim/motion.go:795.33,796.50 1 1
github.com/sst/opencode/internal/components/vim/motion.go:796.50,798.23 2 1
github.com/sst/opencode/internal/components/vim/motion.go:798.23,799.19 1 1
github.com/sst/opencode/internal/components/vim/motion.go:799.19,801.7 1 1
github.com/sst/opencode/internal/components/vim/motion.go:801.12,804.7 1 1
github.com/sst/opencode/internal/components/vim/motion.go:811.2,811.12 1 1
github.com/sst/opencode/internal/components/vim/parser.go:54.40,58.2 1 1
github.com/sst/opencode/internal/components/vim/parser.go:61.80,62.21 1 1
github.com/sst/opencode/internal/components/vim/parser.go:62.21,64.3 1 0
github.com/sst/opencode/internal/components/vim/parser.go:67.2,67.21 1 1
github.com/sst/opencode/internal/components/vim/parser.go:67.21,69.22 2 1
github.com/sst/opencode/internal/components/vim/parser.go:69.22,71.4 1 1
github.com/sst/opencode/internal/components/vim/parser.go:71.9,71.29 1 1
github.com/sst/opencode/internal/components/vim/parser.go:71.29,73.4 1 1
github.com/sst/opencode/internal/components/vim/parser.go:73.9,73.29 1 1
github.com/sst/opencode/internal/components/vim/parser.go:73.29,75.4 1 1
github.com/sst/opencode/internal/components/vim/parser.go:75.9,75.30 1 1
github.com/sst/opencode/internal/components/vim/parser.go:75.30,77.4 1 1
github.com/sst/opencode/internal/components/vim/parser.go:80.3,80.100 1 1
github.com/sst/opencode/internal/components/vim/parser.go:80.100,85.20 4 1
github.com/sst/opencode/internal/components/vim/parser.go:86.13,88.19 2 1
github.com/sst/opencode/internal/components/vim/parser.go:89.13,91.22 2 1
github.com/sst/opencode/internal/components/vim/parser.go:92.13,95.19 3 0
github.com/sst/opencode/internal/components/vim/parser.go:98.4,104.16 1 1
github.com/sst/opencode/internal/components/vim/parser.go:109.2,110.19 2 1
github.com/sst/opencode/internal/components/vim/parser.go:110.19,113.3 2 1
github.com/sst/opencode/internal/components/vim/parser.go:115.2,115.19 1 1
github.com/sst/opencode/internal/components/vim/parser.go:119.70,121.21 1 1
github.com/sst/opencode/internal/components/vim/parser.go:121.21,123.3 1 0
github.com/sst/opencode/internal/components/vim/parser.go:126.2,128.56 3 1
github.com/sst/opencode/internal/components/vim/parser.go:128.56,129.35 1 1
github.com/sst/opencode/internal/components/vim/parser.go:129.35,131.4 1 1
github.com/sst/opencode/internal/components/vim/parser.go:132.3,132.34 1 1
github.com/sst/opencode/internal/components/vim/parser.go:132.34,134.4 1 1
github.com/sst/opencode/internal/components/vim/parser.go:135.3,135.18 1 1
github.com/sst/opencode/internal/components/vim/parser.go:137.2,137.16 1 1
github.com/sst/opencode/internal/components/vim/parser.go:137.16,139.3 1 0
github.com/sst/opencode/internal/components/vim/parser.go:142.2,143.38 2 1
github.com/sst/opencode/internal/components/vim/parser.go:143.38,146.3 2 1
github.com/sst/opencode/internal/components/vim/parser.go:149.2,149.19 1 1
github.com/sst/opencode/internal/components/vim/parser.go:149.19,151.13 2 1
github.com/sst/opencode/internal/components/vim/parser.go:152.22,154.44 1 1
github.com/sst/opencode/internal/components/vim/parser.go:154.44,156.18 2 1
github.com/sst/opencode/internal/components/vim/parser.go:156.18,158.6 1 1
github.com/sst/opencode/internal/components/vim/parser.go:158.11,158.25 1 1
github.com/sst/opencode/internal/components/vim/parser.go:158.25,160.6 1 1
github.com/sst/opencode/internal/components/vim/parser.go:161.5,170.11 1 1
github.com/sst/opencode/internal/components/vim/parser.go:174.4,175.21 2 1
github.com/sst/opencode/internal/components/vim/parser.go:175.21,178.47 2 1
github.com/sst/opencode/internal/components/vim/parser.go:178.47,181.6 2 1
github.com/sst/opencode/internal/components/vim/parser.go:184.4,185.17 2 1
github.com/sst/opencode/internal/components/vim/parser.go:185.17,187.5 1 1
github.com/sst/opencode/internal/components/vim/parser.go:187.10,187.24 1 1
github.com/sst/opencode/internal/components/vim/parser.go:187.24,189.5 1 1
github.com/sst/opencode/internal/components/vim/parser.go:190.4,195.10 1 1
github.com/sst/opencode/internal/components/vim/parser.go:197.12,208.10 1 1
github.com/sst/opencode/internal/components/vim/parser.go:210.12,221.10 1 1
github.com/sst/opencode/internal/components/vim/parser.go:223.17,225.17 2 1
github.com/sst/opencode/internal/components/vim/parser.go:225.17,227.5 1 1
github.com/sst/opencode/internal/components/vim/parser.go:228.4,238.10 1 1
github.com/sst/opencode/internal/components/vim/parser.go:240.12,245.10 1 1
github.com/sst/opencode/internal/components/vim/parser.go:247.12,252.10 1 1
github.com/sst/opencode/internal/components/vim/parser.go:254.12,258.10 1 1
github.com/sst/opencode/internal/components/vim/parser.go:260.12,264.10 1 1
github.com/sst/opencode/internal/components/vim/parser.go:268.3,268.42 1 1
github.com/sst/opencode/internal/components/vim/parser.go:268.42,273.4 1 1
github.com/sst/opencode/internal/components/vim/parser.go:277.2,278.19 2 0
github.com/sst/opencode/internal/components/vim/parser.go:278.19,284.3 1 0
github.com/sst/opencode/internal/components/vim/parser.go:286.2,286.17 1 0
github.com/sst/opencode/internal/components/vim/parser.go:290.61,292.2 1 1
github.com/sst/opencode/internal/components/vim/parser.go:295.66,300.56 4 1
github.com/sst/opencode/internal/components/vim/parser.go:300.56,301.34 1 1
github.com/sst/opencode/internal/components/vim/parser.go:301.34,303.9 1 1
github.com/sst/opencode/internal/components/vim/parser.go:305.3,305.16 1 1
github.com/sst/opencode/internal/components/vim/parser.go:305.16,308.4 2 1
github.com/sst/opencode/internal/components/vim/parser.go:309.3,310.18 2 1
github.com/sst/opencode/internal/components/vim/parser.go:313.2,313.16 1 1
github.com/sst/opencode/internal/components/vim/parser.go:313.16,315.3 1 0
github.com/sst/opencode/internal/components/vim/parser.go:317.2,317.20 1 1
github.com/sst/opencode/internal/components/vim/parser.go:321.127,323.66 1 0
github.com/sst/opencode/internal/components/vim/parser.go:323.66,325.3 1 0
github.com/sst/opencode/internal/components/vim/parser.go:328.2,328.24 1 0
github.com/sst/opencode/internal/components/vim/parser.go:328.24,330.3 1 0
github.com/sst/opencode/internal/components/vim/parser.go:333.2,333.72 1 0
github.com/sst/opencode/internal/components/vim/parser.go:333.72,335.3 1 0
github.com/sst/opencode/internal/components/vim/parser.go:337.2,337.19 1 0
github.com/sst/opencode/internal/components/vim/parser.go:341.121,347.60 3 0
github.com/sst/opencode/internal/components/vim/parser.go:347.60,350.23 3 0
github.com/sst/opencode/internal/components/vim/parser.go:350.23,353.4 2 0
github.com/sst/opencode/internal/components/vim/parser.go:356.2,357.20 2 0
github.com/sst/opencode/internal/components/vim/parser.go:357.20,358.70 1 0
github.com/sst/opencode/internal/components/vim/parser.go:358.70,360.4 1 0
github.com/sst/opencode/internal/components/vim/parser.go:364.2,364.25 1 0
github.com/sst/opencode/internal/components/vim/parser.go:364.25,369.3 1 0
github.com/sst/opencode/internal/components/vim/parser.go:372.2,372.25 1 0
github.com/sst/opencode/internal/components/vim/parser.go:372.25,377.3 1 0
github.com/sst/opencode/internal/components/vim/parser.go:378.2,378.30 1 0
github.com/sst/opencode/internal/components/vim/parser.go:378.30,383.3 1 0
github.com/sst/opencode/internal/components/vim/parser.go:386.2,386.68 1 0
github.com/sst/opencode/internal/components/vim/parser.go:386.68,390.3 1 0
github.com/sst/opencode/internal/components/vim/parser.go:393.2,393.27 1 0
github.com/sst/opencode/internal/components/vim/parser.go:393.27,394.52 1 0
github.com/sst/opencode/internal/components/vim/parser.go:394.52,396.29 1 0
github.com/sst/opencode/internal/components/vim/parser.go:396.29,406.5 1 0
github.com/sst/opencode/internal/components/vim/parser.go:408.4,408.21 1 0
github.com/sst/opencode/internal/components/vim/parser.go:413.2,413.58 1 0
github.com/sst/opencode/internal/components/vim/parser.go:413.58,417.28 2 0
github.com/sst/opencode/internal/components/vim/parser.go:417.28,424.4 1 0
github.com/sst/opencode/internal/components/vim/parser.go:427.3,431.10 1 0
github.com/sst/opencode/internal/components/vim/parser.go:435.2,435.22 1 0
github.com/sst/opencode/internal/components/vim/parser.go:436.11,437.59 1 0
github.com/sst/opencode/internal/components/vim/parser.go:438.11,439.59 1 0
github.com/sst/opencode/internal/components/vim/parser.go:440.11,441.59 1 0
github.com/sst/opencode/internal/components/vim/parser.go:442.11,443.59 1 0
github.com/sst/opencode/internal/components/vim/parser.go:444.11,445.59 1 0
github.com/sst/opencode/internal/components/vim/parser.go:446.11,447.59 1 0
github.com/sst/opencode/internal/components/vim/parser.go:448.11,449.48 1 0
github.com/sst/opencode/internal/components/vim/parser.go:450.11,451.62 1 0
github.com/sst/opencode/internal/components/vim/parser.go:455.2,455.22 1 0
github.com/sst/opencode/internal/components/vim/parser.go:456.11,461.10 1 0
github.com/sst/opencode/internal/components/vim/parser.go:462.11,467.10 1 0
github.com/sst/opencode/internal/components/vim/parser.go:471.2,471.22 1 0
github.com/sst/opencode/internal/components/vim/parser.go:472.11,486.10 1 0
github.com/sst/opencode/internal/components/vim/parser.go:487.11,497.10 1 0
github.com/sst/opencode/internal/components/vim/parser.go:498.11,500.20 1 0
github.com/sst/opencode/internal/components/vim/parser.go:501.11,513.10 1 0
github.com/sst/opencode/internal/components/vim/parser.go:514.11,524.10 1 0
github.com/sst/opencode/internal/components/vim/parser.go:525.11,534.10 1 0
github.com/sst/opencode/internal/components/vim/parser.go:538.2,538.48 1 0
github.com/sst/opencode/internal/components/vim/parser.go:538.48,541.3 1 0
github.com/sst/opencode/internal/components/vim/parser.go:544.2,544.25 1 0
github.com/sst/opencode/internal/components/vim/parser.go:544.25,550.3 1 0
github.com/sst/opencode/internal/components/vim/parser.go:551.2,551.25 1 0
github.com/sst/opencode/internal/components/vim/parser.go:551.25,557.3 1 0
github.com/sst/opencode/internal/components/vim/parser.go:559.2,559.19 1 0
github.com/sst/opencode/internal/components/vim/parser.go:563.58,564.13 1 0
github.com/sst/opencode/internal/components/vim/parser.go:565.21,566.13 1 0
github.com/sst/opencode/internal/components/vim/parser.go:568.2,568.11 1 0
github.com/sst/opencode/internal/components/vim/parser.go:572.57,573.13 1 1
github.com/sst/opencode/internal/components/vim/parser.go:574.19,575.50 1 1
github.com/sst/opencode/internal/components/vim/parser.go:576.20,577.50 1 0
github.com/sst/opencode/internal/components/vim/parser.go:578.19,579.49 1 1
github.com/sst/opencode/internal/components/vim/parser.go:580.17,581.48 1 0
github.com/sst/opencode/internal/components/vim/parser.go:582.11,583.49 1 1
github.com/sst/opencode/internal/components/vim/parser.go:584.11,585.54 1 0
github.com/sst/opencode/internal/components/vim/parser.go:586.11,587.52 1 0
github.com/sst/opencode/internal/components/vim/parser.go:588.19,589.55 1 0
github.com/sst/opencode/internal/components/vim/parser.go:590.11,591.55 1 0
github.com/sst/opencode/internal/components/vim/parser.go:592.18,593.69 1 1
github.com/sst/opencode/internal/components/vim/parser.go:594.12,595.55 1 0
github.com/sst/opencode/internal/components/vim/parser.go:596.11,597.52 1 1
github.com/sst/opencode/internal/components/vim/parser.go:601.2,601.64 1 1
github.com/sst/opencode/internal/components/vim/parser.go:601.64,602.20 1 0
github.com/sst/opencode/internal/components/vim/parser.go:602.20,610.4 1 0
github.com/sst/opencode/internal/components/vim/parser.go:613.2,613.12 1 1
github.com/sst/opencode/internal/components/vim/parser.go:617.76,618.13 1 0
github.com/sst/opencode/internal/components/vim/parser.go:619.23,623.10 1 0
github.com/sst/opencode/internal/components/vim/parser.go:624.16,628.10 1 0
github.com/sst/opencode/internal/components/vim/parser.go:629.16,633.10 1 0
github.com/sst/opencode/internal/components/vim/parser.go:637.2,637.18 1 0
github.com/sst/opencode/internal/components/vim/parser.go:637.18,642.3 1 0
github.com/sst/opencode/internal/components/vim/parser.go:644.2,644.19 1 0
github.com/sst/opencode/internal/components/vim/parser.go:648.78,649.20 1 0
github.com/sst/opencode/internal/components/vim/parser.go:649.20,651.3 1 0
github.com/sst/opencode/internal/components/vim/parser.go:653.2,662.10 3 0
github.com/sst/opencode/internal/components/vim/parser.go:666.60,676.37 2 0
github.com/sst/opencode/internal/components/vim/parser.go:676.37,677.19 1 0
github.com/sst/opencode/internal/components/vim/parser.go:677.19,679.4 1 0
github.com/sst/opencode/internal/components/vim/parser.go:682.2,682.11 1 0
github.com/sst/opencode/internal/components/vim/test_helpers.go:34.46,36.2 1 0
github.com/sst/opencode/internal/components/vim/test_helpers.go:38.50,40.2 1 0
github.com/sst/opencode/internal/components/vim/test_helpers.go:42.47,44.2 1 0
github.com/sst/opencode/internal/components/vim/test_helpers.go:46.39,47.2 0 0
github.com/sst/opencode/internal/components/vim/test_helpers.go:49.54,51.2 1 0
github.com/sst/opencode/internal/components/vim/test_helpers.go:53.53,54.2 0 0
github.com/sst/opencode/internal/components/vim/test_helpers.go:56.66,58.2 1 0
github.com/sst/opencode/internal/components/vim/test_helpers.go:60.72,62.2 1 0
github.com/sst/opencode/internal/components/vim/test_helpers.go:64.46,66.2 1 0
github.com/sst/opencode/internal/components/vim/test_helpers.go:68.45,70.2 1 0
github.com/sst/opencode/internal/components/vim/textarea.go:28.24,29.11 1 0
github.com/sst/opencode/internal/components/vim/textarea.go:29.11,31.3 1 0
github.com/sst/opencode/internal/components/vim/textarea.go:32.2,32.10 1 0
github.com/sst/opencode/internal/components/vim/textarea.go:36.36,45.2 2 0
github.com/sst/opencode/internal/components/vim/textarea.go:48.38,50.2 1 0
github.com/sst/opencode/internal/components/vim/textarea.go:53.64,55.20 1 0
github.com/sst/opencode/internal/components/vim/textarea.go:55.20,56.28 1 0
github.com/sst/opencode/internal/components/vim/textarea.go:57.24,58.24 1 0
github.com/sst/opencode/internal/components/vim/textarea.go:59.25,62.18 3 0
github.com/sst/opencode/internal/components/vim/textarea.go:63.17,65.31 2 0
github.com/sst/opencode/internal/components/vim/textarea.go:65.31,71.6 4 0
github.com/sst/opencode/internal/components/vim/textarea.go:72.5,73.18 2 0
github.com/sst/opencode/internal/components/vim/textarea.go:74.21,75.31 1 0
github.com/sst/opencode/internal/components/vim/textarea.go:75.31,77.6 1 0
github.com/sst/opencode/internal/components/vim/textarea.go:78.5,78.18 1 0
github.com/sst/opencode/internal/components/vim/textarea.go:79.12,80.23 1 0
github.com/sst/opencode/internal/components/vim/textarea.go:80.23,82.6 1 0
github.com/sst/opencode/internal/components/vim/textarea.go:83.5,83.18 1 0
github.com/sst/opencode/internal/components/vim/textarea.go:86.3,86.16 1 0
github.com/sst/opencode/internal/components/vim/textarea.go:90.2,90.22 1 0
github.com/sst/opencode/internal/components/vim/textarea.go:90.22,91.28 1 0
github.com/sst/opencode/internal/components/vim/textarea.go:92.24,93.22 1 0
github.com/sst/opencode/internal/components/vim/textarea.go:93.22,97.5 3 0
github.com/sst/opencode/internal/components/vim/textarea.go:98.4,98.17 1 0
github.com/sst/opencode/internal/components/vim/textarea.go:103.2,103.28 1 0
github.com/sst/opencode/internal/components/vim/textarea.go:103.28,107.3 3 0
github.com/sst/opencode/internal/components/vim/textarea.go:110.2,110.27 1 0
github.com/sst/opencode/internal/components/vim/textarea.go:111.23,113.30 1 0
github.com/sst/opencode/internal/components/vim/textarea.go:114.10,118.16 3 0
github.com/sst/opencode/internal/components/vim/textarea.go:123.79,128.14 3 0
github.com/sst/opencode/internal/components/vim/textarea.go:129.18,130.41 1 0
github.com/sst/opencode/internal/components/vim/textarea.go:131.18,132.41 1 0
github.com/sst/opencode/internal/components/vim/textarea.go:133.34,134.41 1 0
github.com/sst/opencode/internal/components/vim/textarea.go:137.2,137.15 1 0
github.com/sst/opencode/internal/components/vim/textarea.go:141.97,143.43 1 0
github.com/sst/opencode/internal/components/vim/textarea.go:143.43,148.3 4 0
github.com/sst/opencode/internal/components/vim/textarea.go:151.2,151.43 1 0
github.com/sst/opencode/internal/components/vim/textarea.go:151.43,155.3 2 0
github.com/sst/opencode/internal/components/vim/textarea.go:155.8,155.60 1 0
github.com/sst/opencode/internal/components/vim/textarea.go:155.60,159.3 2 0
github.com/sst/opencode/internal/components/vim/textarea.go:159.8,159.32 1 0
github.com/sst/opencode/internal/components/vim/textarea.go:159.32,167.3 4 0
github.com/sst/opencode/internal/components/vim/textarea.go:170.2,170.36 1 0
github.com/sst/opencode/internal/components/vim/textarea.go:170.36,174.3 3 0
github.com/sst/opencode/internal/components/vim/textarea.go:177.2,177.53 1 0
github.com/sst/opencode/internal/components/vim/textarea.go:177.53,180.3 2 0
github.com/sst/opencode/internal/components/vim/textarea.go:183.2,183.62 1 0
github.com/sst/opencode/internal/components/vim/textarea.go:183.62,185.55 1 0
github.com/sst/opencode/internal/components/vim/textarea.go:185.55,188.4 2 0
github.com/sst/opencode/internal/components/vim/textarea.go:192.2,192.76 1 0
github.com/sst/opencode/internal/components/vim/textarea.go:192.76,195.17 2 0
github.com/sst/opencode/internal/components/vim/textarea.go:195.17,197.4 1 0
github.com/sst/opencode/internal/components/vim/textarea.go:202.3,203.22 2 0
github.com/sst/opencode/internal/components/vim/textarea.go:203.22,205.4 1 0
github.com/sst/opencode/internal/components/vim/textarea.go:207.3,219.31 4 0
github.com/sst/opencode/internal/components/vim/textarea.go:223.2,230.15 2 0
github.com/sst/opencode/internal/components/vim/textarea.go:230.15,232.53 1 0
github.com/sst/opencode/internal/components/vim/textarea.go:232.53,234.4 1 0
github.com/sst/opencode/internal/components/vim/textarea.go:235.3,235.16 1 0
github.com/sst/opencode/internal/components/vim/textarea.go:239.2,239.30 1 0
github.com/sst/opencode/internal/components/vim/textarea.go:243.97,246.43 1 0
github.com/sst/opencode/internal/components/vim/textarea.go:246.43,249.33 2 0
github.com/sst/opencode/internal/components/vim/textarea.go:249.33,251.4 1 0
github.com/sst/opencode/internal/components/vim/textarea.go:253.3,254.16 2 0
github.com/sst/opencode/internal/components/vim/textarea.go:258.2,260.15 3 0
github.com/sst/opencode/internal/components/vim/textarea.go:264.97,266.43 1 0
github.com/sst/opencode/internal/components/vim/textarea.go:266.43,269.3 2 0
github.com/sst/opencode/internal/components/vim/textarea.go:272.2,272.16 1 0
github.com/sst/opencode/internal/components/vim/textarea.go:273.11,276.16 3 0
github.com/sst/opencode/internal/components/vim/textarea.go:277.16,280.16 3 0
github.com/sst/opencode/internal/components/vim/textarea.go:281.11,285.16 4 0
github.com/sst/opencode/internal/components/vim/textarea.go:286.11,289.16 3 0
github.com/sst/opencode/internal/components/vim/textarea.go:293.2,300.43 2 0
github.com/sst/opencode/internal/components/vim/textarea.go:300.43,302.3 1 0
github.com/sst/opencode/internal/components/vim/textarea.go:304.2,305.15 2 0
github.com/sst/opencode/internal/components/vim/textarea.go:309.76,310.18 1 0
github.com/sst/opencode/internal/components/vim/textarea.go:311.21,312.30 1 0
github.com/sst/opencode/internal/components/vim/textarea.go:314.23,315.25 1 0
github.com/sst/opencode/internal/components/vim/textarea.go:317.21,318.30 1 0
github.com/sst/opencode/internal/components/vim/textarea.go:320.21,321.40 1 0
github.com/sst/opencode/internal/components/vim/textarea.go:323.20,324.49 1 0
github.com/sst/opencode/internal/components/vim/textarea.go:326.19,326.19 0 0
github.com/sst/opencode/internal/components/vim/textarea.go:330.19,330.19 0 0
github.com/sst/opencode/internal/components/vim/textarea.go:334.24,335.32 1 0
github.com/sst/opencode/internal/components/vim/textarea.go:337.21,338.25 1 0
github.com/sst/opencode/internal/components/vim/textarea.go:338.25,340.4 1 0
github.com/sst/opencode/internal/components/vim/textarea.go:340.9,340.32 1 0
github.com/sst/opencode/internal/components/vim/textarea.go:340.32,342.4 1 0
github.com/sst/opencode/internal/components/vim/textarea.go:346.2,349.15 3 0
github.com/sst/opencode/internal/components/vim/textarea.go:353.53,358.29 4 0
github.com/sst/opencode/internal/components/vim/textarea.go:358.29,360.26 2 0
github.com/sst/opencode/internal/components/vim/textarea.go:360.26,362.4 1 0
github.com/sst/opencode/internal/components/vim/textarea.go:365.2,367.29 3 0
github.com/sst/opencode/internal/components/vim/textarea.go:371.56,372.23 1 0
github.com/sst/opencode/internal/components/vim/textarea.go:372.23,374.3 1 0
github.com/sst/opencode/internal/components/vim/textarea.go:379.2,379.89 1 0
github.com/sst/opencode/internal/components/vim/textarea.go:379.89,383.3 1 0
github.com/sst/opencode/internal/components/vim/textarea.go:385.2,392.29 5 0
github.com/sst/opencode/internal/components/vim/textarea.go:392.29,394.26 2 0
github.com/sst/opencode/internal/components/vim/textarea.go:394.26,396.4 1 0
github.com/sst/opencode/internal/components/vim/textarea.go:398.2,408.40 2 0
github.com/sst/opencode/internal/components/vim/textarea.go:408.40,413.30 2 0
github.com/sst/opencode/internal/components/vim/textarea.go:413.30,414.43 1 0
github.com/sst/opencode/internal/components/vim/textarea.go:414.43,416.5 1 0
github.com/sst/opencode/internal/components/vim/textarea.go:416.10,416.40 1 0
github.com/sst/opencode/internal/components/vim/textarea.go:416.40,420.5 2 0
github.com/sst/opencode/internal/components/vim/textarea.go:425.2,426.92 2 0
github.com/sst/opencode/internal/components/vim/textarea.go:426.92,428.3 1 0
github.com/sst/opencode/internal/components/vim/textarea.go:431.2,431.35 1 0
github.com/sst/opencode/internal/components/vim/textarea.go:431.35,438.33 1 0
github.com/sst/opencode/internal/components/vim/textarea.go:438.33,442.35 3 0
github.com/sst/opencode/internal/components/vim/textarea.go:442.35,445.5 1 0
github.com/sst/opencode/internal/components/vim/textarea.go:445.10,448.5 1 0
github.com/sst/opencode/internal/components/vim/textarea.go:449.9,455.33 3 0
github.com/sst/opencode/internal/components/vim/textarea.go:455.33,458.5 1 0
github.com/sst/opencode/internal/components/vim/textarea.go:458.10,461.5 1 0
github.com/sst/opencode/internal/components/vim/textarea.go:466.2,466.22 1 0
github.com/sst/opencode/internal/components/vim/textarea.go:467.11,479.5 5 0
github.com/sst/opencode/internal/components/vim/textarea.go:481.11,488.28 7 0
github.com/sst/opencode/internal/components/vim/textarea.go:490.11,495.32 4 0
github.com/sst/opencode/internal/components/vim/textarea.go:500.54,506.16 3 0
github.com/sst/opencode/internal/components/vim/textarea.go:507.11,508.18 1 0
github.com/sst/opencode/internal/components/vim/textarea.go:509.11,510.16 1 0
github.com/sst/opencode/internal/components/vim/textarea.go:511.11,512.18 1 0
github.com/sst/opencode/internal/components/vim/textarea.go:513.11,515.14 2 0
github.com/sst/opencode/internal/components/vim/textarea.go:516.11,519.15 3 0
github.com/sst/opencode/internal/components/vim/textarea.go:522.2,522.43 1 0
github.com/sst/opencode/internal/components/vim/textarea.go:526.54,527.14 1 0
github.com/sst/opencode/internal/components/vim/textarea.go:527.14,529.3 1 0
github.com/sst/opencode/internal/components/vim/textarea.go:529.8,531.3 1 0
github.com/sst/opencode/internal/components/vim/textarea.go:533.2,535.29 3 0
github.com/sst/opencode/internal/components/vim/textarea.go:540.52,545.2 1 0
github.com/sst/opencode/internal/components/vim/textarea.go:547.55,550.27 2 0
github.com/sst/opencode/internal/components/vim/textarea.go:550.27,552.3 1 0
github.com/sst/opencode/internal/components/vim/textarea.go:553.2,553.17 1 0
github.com/sst/opencode/internal/components/vim/textarea.go:553.17,555.3 1 0
github.com/sst/opencode/internal/components/vim/textarea.go:557.2,558.28 2 0
github.com/sst/opencode/internal/components/vim/textarea.go:562.72,567.54 3 0
github.com/sst/opencode/internal/components/vim/textarea.go:567.54,569.3 1 0
github.com/sst/opencode/internal/components/vim/textarea.go:571.2,571.26 1 0
github.com/sst/opencode/internal/components/vim/textarea.go:571.26,576.25 4 0
github.com/sst/opencode/internal/components/vim/textarea.go:576.25,579.4 1 0
github.com/sst/opencode/internal/components/vim/textarea.go:580.3,580.12 1 0
github.com/sst/opencode/internal/components/vim/textarea.go:584.2,585.66 2 0
github.com/sst/opencode/internal/components/vim/textarea.go:585.66,587.23 2 0
github.com/sst/opencode/internal/components/vim/textarea.go:587.23,590.4 2 0
github.com/sst/opencode/internal/components/vim/textarea.go:590.9,590.28 1 0
github.com/sst/opencode/internal/components/vim/textarea.go:590.28,592.19 1 0
github.com/sst/opencode/internal/components/vim/textarea.go:592.19,596.5 2 0
github.com/sst/opencode/internal/components/vim/textarea.go:597.9,599.4 1 0
github.com/sst/opencode/internal/components/vim/textarea.go:603.2,603.35 1 0
github.com/sst/opencode/internal/components/vim/textarea.go:606.63,611.54 3 0
github.com/sst/opencode/internal/components/vim/textarea.go:611.54,613.3 1 0
github.com/sst/opencode/internal/components/vim/textarea.go:615.2,615.26 1 0
github.com/sst/opencode/internal/components/vim/textarea.go:615.26,620.25 4 0
github.com/sst/opencode/internal/components/vim/textarea.go:620.25,623.4 1 0
github.com/sst/opencode/internal/components/vim/textarea.go:624.3,624.12 1 0
github.com/sst/opencode/internal/components/vim/textarea.go:628.2,629.66 2 0
github.com/sst/opencode/internal/components/vim/textarea.go:629.66,631.23 2 0
github.com/sst/opencode/internal/components/vim/textarea.go:631.23,634.4 2 0
github.com/sst/opencode/internal/components/vim/textarea.go:634.9,634.28 1 0
github.com/sst/opencode/internal/components/vim/textarea.go:634.28,639.19 2 0
github.com/sst/opencode/internal/components/vim/textarea.go:639.19,641.5 1 0
github.com/sst/opencode/internal/components/vim/textarea.go:642.9,644.4 1 0
github.com/sst/opencode/internal/components/vim/textarea.go:648.2,652.66 2 0
github.com/sst/opencode/internal/components/vim/textarea.go:652.66,654.3 1 0
github.com/sst/opencode/internal/components/vim/textarea.go:656.2,656.18 1 0
github.com/sst/opencode/internal/components/vim/textarea.go:660.65,665.73 3 0
github.com/sst/opencode/internal/components/vim/textarea.go:665.73,667.3 1 0
github.com/sst/opencode/internal/components/vim/textarea.go:670.2,672.26 2 0
github.com/sst/opencode/internal/components/vim/textarea.go:672.26,676.52 2 0
github.com/sst/opencode/internal/components/vim/textarea.go:676.52,680.4 3 0
github.com/sst/opencode/internal/components/vim/textarea.go:680.9,680.35 1 0
github.com/sst/opencode/internal/components/vim/textarea.go:680.35,685.4 3 0
github.com/sst/opencode/internal/components/vim/textarea.go:685.9,687.4 1 0
github.com/sst/opencode/internal/components/vim/textarea.go:688.8,693.34 2 0
github.com/sst/opencode/internal/components/vim/textarea.go:693.34,695.4 1 0
github.com/sst/opencode/internal/components/vim/textarea.go:698.3,698.40 1 0
github.com/sst/opencode/internal/components/vim/textarea.go:698.40,700.4 1 0
github.com/sst/opencode/internal/components/vim/textarea.go:703.3,703.27 1 0
github.com/sst/opencode/internal/components/vim/textarea.go:703.27,706.52 1 0
github.com/sst/opencode/internal/components/vim/textarea.go:706.52,708.24 1 0
github.com/sst/opencode/internal/components/vim/textarea.go:708.24,710.6 1 0
github.com/sst/opencode/internal/components/vim/textarea.go:710.11,712.6 1 0
github.com/sst/opencode/internal/components/vim/textarea.go:713.10,713.27 1 0
github.com/sst/opencode/internal/components/vim/textarea.go:713.28,716.5 0 0
github.com/sst/opencode/internal/components/vim/textarea.go:720.3,720.45 1 0
github.com/sst/opencode/internal/components/vim/textarea.go:720.45,722.4 1 0
github.com/sst/opencode/internal/components/vim/textarea.go:724.3,724.39 1 0
github.com/sst/opencode/internal/components/vim/textarea.go:728.2,732.62 3 0
github.com/sst/opencode/internal/components/vim/textarea.go:732.62,733.27 1 0
github.com/sst/opencode/internal/components/vim/textarea.go:733.27,735.63 1 0
github.com/sst/opencode/internal/components/vim/textarea.go:735.63,738.5 2 0
github.com/sst/opencode/internal/components/vim/textarea.go:739.9,742.4 1 0
github.com/sst/opencode/internal/components/vim/textarea.go:746.2,747.33 2 0
github.com/sst/opencode/internal/components/vim/textarea.go:747.33,749.3 1 0
github.com/sst/opencode/internal/components/vim/textarea.go:750.2,750.77 1 0
github.com/sst/opencode/internal/components/vim/textarea.go:750.77,752.3 1 0
github.com/sst/opencode/internal/components/vim/textarea.go:754.2,754.32 1 0
github.com/sst/opencode/internal/components/vim/textarea.go:757.56,762.73 3 0
github.com/sst/opencode/internal/components/vim/textarea.go:762.73,764.3 1 0
github.com/sst/opencode/internal/components/vim/textarea.go:767.2,769.26 2 0
github.com/sst/opencode/internal/components/vim/textarea.go:769.26,774.51 3 0
github.com/sst/opencode/internal/components/vim/textarea.go:774.51,778.4 3 0
github.com/sst/opencode/internal/components/vim/textarea.go:778.9,778.35 1 0
github.com/sst/opencode/internal/components/vim/textarea.go:778.35,783.4 3 0
github.com/sst/opencode/internal/components/vim/textarea.go:783.9,785.4 1 0
github.com/sst/opencode/internal/components/vim/textarea.go:786.8,791.34 2 0
github.com/sst/opencode/internal/components/vim/textarea.go:791.34,793.4 1 0
github.com/sst/opencode/internal/components/vim/textarea.go:796.3,799.33 4 0
github.com/sst/opencode/internal/components/vim/textarea.go:799.33,801.4 1 0
github.com/sst/opencode/internal/components/vim/textarea.go:803.3,804.37 2 0
github.com/sst/opencode/internal/components/vim/textarea.go:804.37,806.4 1 0
github.com/sst/opencode/internal/components/vim/textarea.go:807.3,810.45 2 0
github.com/sst/opencode/internal/components/vim/textarea.go:810.45,812.4 1 0
github.com/sst/opencode/internal/components/vim/textarea.go:814.3,814.39 1 0
github.com/sst/opencode/internal/components/vim/textarea.go:818.2,819.28 2 0
github.com/sst/opencode/internal/components/vim/textarea.go:822.59,827.16 4 0
github.com/sst/opencode/internal/components/vim/textarea.go:827.16,830.3 2 0
github.com/sst/opencode/internal/components/vim/textarea.go:830.8,832.71 1 0
github.com/sst/opencode/internal/components/vim/textarea.go:832.71,834.4 1 0
github.com/sst/opencode/internal/components/vim/textarea.go:837.2,837.16 1 0
github.com/sst/opencode/internal/components/vim/textarea.go:837.16,839.3 1 0
github.com/sst/opencode/internal/components/vim/textarea.go:841.2,841.29 1 0
github.com/sst/opencode/internal/components/vim/textarea.go:841.29,842.15 1 0
github.com/sst/opencode/internal/components/vim/textarea.go:842.15,845.13 1 0
github.com/sst/opencode/internal/components/vim/textarea.go:845.13,853.46 4 0
github.com/sst/opencode/internal/components/vim/textarea.go:853.46,855.6 1 0
github.com/sst/opencode/internal/components/vim/textarea.go:856.5,856.33 1 0
github.com/sst/opencode/internal/components/vim/textarea.go:857.10,865.5 3 0
github.com/sst/opencode/internal/components/vim/textarea.go:866.9,868.13 1 0
github.com/sst/opencode/internal/components/vim/textarea.go:868.13,870.5 1 0
github.com/sst/opencode/internal/components/vim/textarea.go:873.4,876.14 3 0
github.com/sst/opencode/internal/components/vim/textarea.go:876.14,878.5 1 0
github.com/sst/opencode/internal/components/vim/textarea.go:883.40,889.52 4 0
github.com/sst/opencode/internal/components/vim/textarea.go:889.52,893.3 3 0
github.com/sst/opencode/internal/components/vim/textarea.go:896.44,908.2 3 0
github.com/sst/opencode/internal/components/vim/textarea.go:910.51,912.19 2 0
github.com/sst/opencode/internal/components/vim/textarea.go:912.19,914.3 1 0
github.com/sst/opencode/internal/components/vim/textarea.go:917.2,917.16 1 0
github.com/sst/opencode/internal/components/vim/textarea.go:917.16,919.3 1 0
github.com/sst/opencode/internal/components/vim/textarea.go:921.2,921.29 1 0
github.com/sst/opencode/internal/components/vim/textarea.go:921.29,922.22 1 0
github.com/sst/opencode/internal/components/vim/textarea.go:923.21,925.28 1 0
github.com/sst/opencode/internal/components/vim/textarea.go:926.13,927.20 1 0
github.com/sst/opencode/internal/components/vim/textarea.go:928.13,929.18 1 0
github.com/sst/opencode/internal/components/vim/textarea.go:930.13,931.20 1 0
github.com/sst/opencode/internal/components/vim/textarea.go:932.13,934.16 2 0
github.com/sst/opencode/internal/components/vim/textarea.go:935.13,938.17 3 0
github.com/sst/opencode/internal/components/vim/textarea.go:941.4,941.51 1 0
github.com/sst/opencode/internal/components/vim/textarea.go:943.21,945.28 1 0
github.com/sst/opencode/internal/components/vim/textarea.go:945.28,953.5 2 0
github.com/sst/opencode/internal/components/vim/textarea.go:955.22,955.22 0 0
github.com/sst/opencode/internal/components/vim/textarea.go:962.51,964.19 2 0
github.com/sst/opencode/internal/components/vim/textarea.go:964.19,966.3 1 0
github.com/sst/opencode/internal/components/vim/textarea.go:972.45,974.19 2 0
github.com/sst/opencode/internal/components/vim/textarea.go:974.19,976.3 1 0
github.com/sst/opencode/internal/components/vim/textarea.go:978.2,978.29 1 0
github.com/sst/opencode/internal/components/vim/textarea.go:978.29,979.14 1 0
github.com/sst/opencode/internal/components/vim/textarea.go:979.14,981.4 1 0
github.com/sst/opencode/internal/components/vim/textarea.go:981.9,983.4 1 0
github.com/sst/opencode/internal/components/vim/textarea.go:987.45,989.19 2 0
github.com/sst/opencode/internal/components/vim/textarea.go:989.19,991.3 1 0
github.com/sst/opencode/internal/components/vim/textarea.go:993.2,993.29 1 0
github.com/sst/opencode/internal/components/vim/textarea.go:993.29,994.14 1 0
github.com/sst/opencode/internal/components/vim/textarea.go:994.14,996.4 1 0
github.com/sst/opencode/internal/components/vim/textarea.go:996.9,998.4 1 0
github.com/sst/opencode/internal/components/vim/textarea.go:1004.61,1009.29 4 0
github.com/sst/opencode/internal/components/vim/textarea.go:1009.29,1011.26 2 0
github.com/sst/opencode/internal/components/vim/textarea.go:1011.26,1013.4 1 0
github.com/sst/opencode/internal/components/vim/textarea.go:1016.2,1019.32 4 0
github.com/sst/opencode/internal/components/vim/textarea.go:1022.39,1030.2 5 0
github.com/sst/opencode/internal/components/vim/textarea.go:1032.41,1038.2 5 0
github.com/sst/opencode/internal/components/vim/textarea.go:1040.42,1043.2 2 0
github.com/sst/opencode/internal/components/vim/textarea.go:1048.37,1051.2 1 0
github.com/sst/opencode/internal/components/vim/textarea.go:1054.43,1056.88 1 0
github.com/sst/opencode/internal/components/vim/textarea.go:1056.88,1058.3 1 0
github.com/sst/opencode/internal/components/vim/textarea.go:1060.2,1060.38 1 0
github.com/sst/opencode/internal/components/vim/textarea.go:1064.58,1075.47 4 0
github.com/sst/opencode/internal/components/vim/textarea.go:1075.47,1077.3 1 0
github.com/sst/opencode/internal/components/vim/textarea.go:1081.2,1081.67 1 0
github.com/sst/opencode/internal/components/vim/textarea.go:1085.103,1089.2 1 0
github.com/sst/opencode/internal/components/vim/textarea.go:1092.43,1094.2 1 0
github.com/sst/opencode/internal/components/vim/textarea.go:1097.45,1099.2 1 0
github.com/sst/opencode/internal/components/vim/textarea.go:1102.36,1104.2 1 0
github.com/sst/opencode/internal/components/vim/textarea.go:1107.39,1109.2 1 0
github.com/sst/opencode/internal/components/vim/textarea.go:1112.39,1114.2 1 0
github.com/sst/opencode/internal/components/vim/textarea.go:1117.30,1119.2 1 0
github.com/sst/opencode/internal/components/vim/textarea.go:1122.38,1124.2 1 0
github.com/sst/opencode/internal/components/vim/textarea.go:1127.39,1129.2 1 0
github.com/sst/opencode/internal/components/vim/textarea.go:1132.31,1134.2 1 0
github.com/sst/opencode/internal/components/vim/textarea.go:1137.46,1141.32 3 0
github.com/sst/opencode/internal/components/vim/textarea.go:1141.32,1143.3 1 0
github.com/sst/opencode/internal/components/vim/textarea.go:1144.2,1144.15 1 0
github.com/sst/opencode/internal/components/vim/textarea.go:1148.44,1150.47 1 0
github.com/sst/opencode/internal/components/vim/textarea.go:1150.47,1152.3 1 0
github.com/sst/opencode/internal/components/vim/textarea.go:1156.39,1159.2 1 0
github.com/sst/opencode/internal/components/vim/textarea.go:1162.46,1164.2 1 0
github.com/sst/opencode/internal/components/vim/textarea.go:1167.72,1169.2 1 0
github.com/sst/opencode/internal/components/vim/textarea.go:1172.47,1173.47 1 0
github.com/sst/opencode/internal/components/vim/textarea.go:1173.47,1175.3 1 0
github.com/sst/opencode/internal/components/vim/textarea.go:1181.39,1185.2 2 0
github.com/sst/opencode/internal/components/vim/textarea.go:1188.40,1191.2 2 0
github.com/sst/opencode/internal/components/vim/textarea.go:1194.43,1196.2 1 0
github.com/sst/opencode/internal/components/vim/textarea.go:1199.49,1201.2 1 0
github.com/sst/opencode/internal/components/vim/textarea.go:1204.42,1206.2 1 0
github.com/sst/opencode/internal/components/vim/textarea.go:1209.38,1211.2 1 0
github.com/sst/opencode/internal/components/vim/textarea.go:1214.36,1216.13 2 0
github.com/sst/opencode/internal/components/vim/textarea.go:1216.13,1218.3 1 0
github.com/sst/opencode/internal/components/vim/textarea.go:1221.37,1224.22 3 0
github.com/sst/opencode/internal/components/vim/textarea.go:1224.22,1226.3 1 0
github.com/sst/opencode/internal/components/vim/textarea.go:1229.39,1234.14 3 0
github.com/sst/opencode/internal/components/vim/textarea.go:1234.14,1235.29 1 0
github.com/sst/opencode/internal/components/vim/textarea.go:1235.29,1237.4 1 0
github.com/sst/opencode/internal/components/vim/textarea.go:1238.8,1238.21 1 0
github.com/sst/opencode/internal/components/vim/textarea.go:1238.21,1239.30 1 0
github.com/sst/opencode/internal/components/vim/textarea.go:1239.30,1241.4 1 0
github.com/sst/opencode/internal/components/vim/textarea.go:1245.34,1247.2 1 0
github.com/sst/opencode/internal/components/vim/textarea.go:1249.36,1251.2 1 0
github.com/sst/opencode/internal/components/vim/textarea.go:1253.37,1255.2 1 0
github.com/sst/opencode/internal/components/vim/textarea.go:1257.35,1259.2 1 0
github.com/sst/opencode/internal/components/vim/textarea.go:1261.33,1263.2 1 0
github.com/sst/opencode/internal/components/vim/textarea.go:1265.36,1267.2 1 0
github.com/sst/opencode/internal/components/vim/textarea.go:1269.33,1271.2 1 0
github.com/sst/opencode/internal/components/vim/visual_indicator.go:15.77,23.2 1 1
github.com/sst/opencode/internal/components/vim/visual_indicator.go:26.68,27.56 1 1
github.com/sst/opencode/internal/components/vim/visual_indicator.go:27.56,29.3 1 1
github.com/sst/opencode/internal/components/vim/visual_indicator.go:31.2,33.36 2 1
github.com/sst/opencode/internal/components/vim/visual_indicator.go:33.36,36.32 2 1
github.com/sst/opencode/internal/components/vim/visual_indicator.go:36.32,38.46 1 1
github.com/sst/opencode/internal/components/vim/visual_indicator.go:38.46,40.5 1 1
github.com/sst/opencode/internal/components/vim/visual_indicator.go:41.9,43.46 1 1
github.com/sst/opencode/internal/components/vim/visual_indicator.go:43.46,45.49 1 1
github.com/sst/opencode/internal/components/vim/visual_indicator.go:45.49,47.74 2 1
github.com/sst/opencode/internal/components/vim/visual_indicator.go:47.74,49.7 1 1
github.com/sst/opencode/internal/components/vim/visual_indicator.go:50.6,50.26 1 1
github.com/sst/opencode/internal/components/vim/visual_indicator.go:52.10,52.33 1 1
github.com/sst/opencode/internal/components/vim/visual_indicator.go:52.33,55.53 2 1
github.com/sst/opencode/internal/components/vim/visual_indicator.go:55.53,57.6 1 1
github.com/sst/opencode/internal/components/vim/visual_indicator.go:58.5,58.25 1 1
github.com/sst/opencode/internal/components/vim/visual_indicator.go:59.10,59.31 1 1
github.com/sst/opencode/internal/components/vim/visual_indicator.go:59.31,62.63 2 1
github.com/sst/opencode/internal/components/vim/visual_indicator.go:62.63,64.6 1 1
github.com/sst/opencode/internal/components/vim/visual_indicator.go:65.5,65.25 1 1
github.com/sst/opencode/internal/components/vim/visual_indicator.go:66.10,66.51 1 1
github.com/sst/opencode/internal/components/vim/visual_indicator.go:66.51,69.5 1 1
github.com/sst/opencode/internal/components/vim/visual_indicator.go:72.3,72.30 1 1
github.com/sst/opencode/internal/components/vim/visual_indicator.go:75.2,75.34 1 1
